TN:
SF:src\api.js
FN:3,apiFetch
FN:14,(anonymous_1)
FN:22,apiGet
FN:25,apiPost
FN:28,apiPut
FN:31,apiDel
FN:37,(anonymous_6)
FN:40,(anonymous_7)
FN:43,(anonymous_8)
FN:46,(anonymous_9)
FN:50,(anonymous_10)
FN:60,(anonymous_11)
FN:63,(anonymous_12)
FN:69,(anonymous_13)
FN:71,(anonymous_14)
FN:78,(anonymous_15)
FN:83,(anonymous_16)
FN:88,(anonymous_17)
FN:93,(anonymous_18)
FN:98,(anonymous_19)
FN:103,(anonymous_20)
FN:108,(anonymous_21)
FN:115,(anonymous_22)
FNF:23
FNH:0
FNDA:0,apiFetch
FNDA:0,(anonymous_1)
FNDA:0,apiGet
FNDA:0,apiPost
FNDA:0,apiPut
FNDA:0,apiDel
FNDA:0,(anonymous_6)
FNDA:0,(anonymous_7)
FNDA:0,(anonymous_8)
FNDA:0,(anonymous_9)
FNDA:0,(anonymous_10)
FNDA:0,(anonymous_11)
FNDA:0,(anonymous_12)
FNDA:0,(anonymous_13)
FNDA:0,(anonymous_14)
FNDA:0,(anonymous_15)
FNDA:0,(anonymous_16)
FNDA:0,(anonymous_17)
FNDA:0,(anonymous_18)
FNDA:0,(anonymous_19)
FNDA:0,(anonymous_20)
FNDA:0,(anonymous_21)
FNDA:0,(anonymous_22)
DA:1,1
DA:4,0
DA:14,0
DA:15,0
DA:16,0
DA:17,0
DA:19,0
DA:23,0
DA:26,0
DA:29,0
DA:32,0
DA:36,1
DA:38,0
DA:41,0
DA:44,0
DA:47,0
DA:52,0
DA:54,0
DA:59,1
DA:61,0
DA:64,0
DA:68,1
DA:70,0
DA:71,0
DA:73,0
DA:74,0
DA:79,0
DA:84,0
DA:89,0
DA:94,0
DA:99,0
DA:104,0
DA:109,0
DA:114,1
DA:116,0
LF:35
LH:5
BRDA:3,0,0,0
BRDA:3,1,0,0
BRDA:9,2,0,0
BRDA:9,2,1,0
BRDA:11,3,0,0
BRDA:11,3,1,0
BRDA:15,4,0,0
BRDA:15,4,1,0
BRDA:16,5,0,0
BRDA:16,5,1,0
BRDA:16,5,2,0
BRDA:53,6,0,0
BRDA:53,6,1,0
BRDA:69,7,0,0
BRDA:71,8,0,0
BRDA:71,8,1,0
BRDA:73,9,0,0
BRDA:73,9,1,0
BRDA:103,10,0,0
BRDA:103,11,0,0
BRDA:108,12,0,0
BRDA:115,13,0,0
BRF:22
BRH:0
end_of_record
TN:
SF:src\components\AnimalCard.jsx
FN:10,AnimalCard
FNF:1
FNH:1
FNDA:3,AnimalCard
DA:11,3
LF:1
LH:1
BRDA:21,0,0,3
BRDA:21,0,1,1
BRDA:24,1,0,3
BRDA:24,1,1,1
BRF:4
BRH:4
end_of_record
TN:
SF:src\components\MetricsCards.jsx
FN:5,StatCard
FN:27,MetricsCards
FN:31,(anonymous_2)
FN:34,(anonymous_3)
FN:53,(anonymous_4)
FN:59,(anonymous_5)
FN:61,(anonymous_6)
FN:65,(anonymous_7)
FN:70,(anonymous_8)
FN:123,(anonymous_9)
FNF:10
FNH:10
FNDA:3,StatCard
FNDA:2,MetricsCards
FNDA:1,(anonymous_2)
FNDA:1,(anonymous_3)
FNDA:1,(anonymous_4)
FNDA:2,(anonymous_5)
FNDA:1,(anonymous_6)
FNDA:1,(anonymous_7)
FNDA:1,(anonymous_8)
FNDA:1,(anonymous_9)
DA:6,3
DA:28,2
DA:29,2
DA:31,2
DA:32,1
DA:34,1
DA:36,1
DA:37,1
DA:38,1
DA:39,1
DA:40,0
DA:41,0
DA:42,0
DA:44,1
DA:46,0
DA:47,0
DA:49,1
DA:53,1
DA:54,1
DA:59,2
DA:60,2
DA:61,2
DA:62,2
DA:64,2
DA:65,2
DA:66,1
DA:67,1
DA:70,2
DA:72,2
DA:75,2
DA:76,1
DA:93,1
DA:124,1
DA:125,1
LF:34
LH:29
BRDA:22,0,0,3
BRDA:22,0,1,3
BRDA:39,1,0,1
BRDA:39,1,1,0
BRDA:39,2,0,0
BRDA:39,2,1,0
BRDA:40,3,0,0
BRDA:40,3,1,0
BRDA:40,4,0,0
BRDA:40,4,1,0
BRDA:41,5,0,0
BRDA:41,5,1,0
BRDA:41,6,0,0
BRDA:41,6,1,0
BRDA:42,7,0,0
BRDA:42,7,1,0
BRDA:44,8,0,1
BRDA:44,8,1,0
BRDA:47,9,0,0
BRDA:47,9,1,0
BRDA:49,10,0,1
BRDA:49,10,1,0
BRDA:66,11,0,1
BRDA:66,11,1,0
BRDA:67,12,0,1
BRDA:67,12,1,1
BRDA:70,13,0,1
BRDA:70,13,1,1
BRDA:75,14,0,1
BRDA:75,14,1,1
BRDA:107,15,0,0
BRDA:107,15,1,1
BRDA:120,16,0,0
BRDA:120,16,1,1
BRDA:124,17,0,1
BRDA:124,17,1,0
BRF:36
BRH:15
end_of_record
TN:
SF:src\pages\Login.jsx
FN:14,Login
FN:30,handleSubmit
FN:50,handleGoogle
FN:54,handleRegister
FNF:4
FNH:3
FNDA:3,Login
FNDA:2,handleSubmit
FNDA:1,handleGoogle
FNDA:0,handleRegister
DA:15,3
DA:16,3
DA:19,3
DA:20,3
DA:21,3
DA:27,3
DA:28,3
DA:31,2
DA:33,2
DA:34,2
DA:35,2
DA:37,2
DA:38,0
DA:39,0
DA:42,2
DA:43,2
DA:44,1
DA:46,1
DA:51,1
DA:55,0
DA:58,3
LF:21
LH:18
BRDA:28,0,0,3
BRDA:28,0,1,1
BRDA:34,1,0,2
BRDA:34,1,1,0
BRDA:35,2,0,2
BRDA:35,2,1,0
BRDA:37,3,0,0
BRDA:37,3,1,2
BRDA:37,4,0,2
BRDA:37,4,1,2
BRDA:46,5,0,1
BRDA:46,5,1,0
BRF:12
BRH:8
end_of_record
