TN:
SF:src\api.js
FN:4,joinUrl
FN:10,apiFetch
FN:54,apiGet
FN:57,apiPost
FN:60,apiPut
FN:63,apiDel
FN:69,(anonymous_6)
FN:73,(anonymous_7)
FN:81,(anonymous_8)
FN:89,(anonymous_9)
FN:101,(anonymous_10)
FN:116,(anonymous_11)
FN:119,(anonymous_12)
FN:125,(anonymous_13)
FN:127,(anonymous_14)
FN:132,(anonymous_15)
FN:135,(anonymous_16)
FN:138,(anonymous_17)
FN:141,(anonymous_18)
FN:144,(anonymous_19)
FN:147,(anonymous_20)
FN:150,(anonymous_21)
FN:156,(anonymous_22)
FNF:23
FNH:0
FNDA:0,joinUrl
FNDA:0,apiFetch
FNDA:0,apiGet
FNDA:0,apiPost
FNDA:0,apiPut
FNDA:0,apiDel
FNDA:0,(anonymous_6)
FNDA:0,(anonymous_7)
FNDA:0,(anonymous_8)
FNDA:0,(anonymous_9)
FNDA:0,(anonymous_10)
FNDA:0,(anonymous_11)
FNDA:0,(anonymous_12)
FNDA:0,(anonymous_13)
FNDA:0,(anonymous_14)
FNDA:0,(anonymous_15)
FNDA:0,(anonymous_16)
FNDA:0,(anonymous_17)
FNDA:0,(anonymous_18)
FNDA:0,(anonymous_19)
FNDA:0,(anonymous_20)
FNDA:0,(anonymous_21)
FNDA:0,(anonymous_22)
DA:2,1
DA:5,0
DA:6,0
DA:7,0
DA:11,0
DA:16,0
DA:18,0
DA:22,0
DA:24,0
DA:31,0
DA:32,0
DA:33,0
DA:34,0
DA:36,0
DA:37,0
DA:39,0
DA:43,0
DA:44,0
DA:45,0
DA:46,0
DA:47,0
DA:48,0
DA:49,0
DA:51,0
DA:55,0
DA:58,0
DA:61,0
DA:64,0
DA:68,1
DA:70,0
DA:74,0
DA:75,0
DA:76,0
DA:77,0
DA:79,0
DA:82,0
DA:83,0
DA:84,0
DA:85,0
DA:87,0
DA:91,0
DA:92,0
DA:94,0
DA:95,0
DA:103,0
DA:104,0
DA:105,0
DA:107,0
DA:109,0
DA:110,0
DA:115,1
DA:117,0
DA:120,0
DA:124,1
DA:126,0
DA:127,0
DA:129,0
DA:130,0
DA:133,0
DA:136,0
DA:139,0
DA:142,0
DA:145,0
DA:148,0
DA:151,0
DA:155,1
DA:157,0
LF:67
LH:5
BRDA:2,0,0,1
BRDA:2,0,1,1
BRDA:5,1,0,0
BRDA:5,1,1,0
BRDA:5,2,0,0
BRDA:5,2,1,0
BRDA:6,3,0,0
BRDA:6,3,1,0
BRDA:6,4,0,0
BRDA:6,4,1,0
BRDA:10,5,0,0
BRDA:10,6,0,0
BRDA:11,7,0,0
BRDA:11,7,1,0
BRDA:11,8,0,0
BRDA:11,8,1,0
BRDA:20,9,0,0
BRDA:20,9,1,0
BRDA:22,10,0,0
BRDA:22,10,1,0
BRDA:28,11,0,0
BRDA:28,11,1,0
BRDA:43,12,0,0
BRDA:43,12,1,0
BRDA:44,13,0,0
BRDA:44,13,1,0
BRDA:44,13,2,0
BRDA:44,14,0,0
BRDA:44,14,1,0
BRDA:75,15,0,0
BRDA:75,15,1,0
BRDA:75,16,0,0
BRDA:75,16,1,0
BRDA:77,17,0,0
BRDA:77,17,1,0
BRDA:83,18,0,0
BRDA:83,18,1,0
BRDA:83,19,0,0
BRDA:83,19,1,0
BRDA:85,20,0,0
BRDA:85,20,1,0
BRDA:103,21,0,0
BRDA:103,21,1,0
BRDA:105,22,0,0
BRDA:105,22,1,0
BRDA:109,23,0,0
BRDA:109,23,1,0
BRDA:125,24,0,0
BRDA:127,25,0,0
BRDA:127,25,1,0
BRDA:129,26,0,0
BRDA:129,26,1,0
BRDA:147,27,0,0
BRDA:147,28,0,0
BRDA:150,29,0,0
BRDA:156,30,0,0
BRF:56
BRH:2
end_of_record
TN:
SF:src\pages\Login.jsx
FN:5,Login
FN:17,(anonymous_1)
FN:19,handleSubmit
FN:49,loginWithGoogle
FN:53,goToRegister
FN:57,goToRecover
FN:73,(anonymous_6)
FN:85,(anonymous_7)
FNF:8
FNH:6
FNDA:56,Login
FNDA:3,(anonymous_1)
FNDA:2,handleSubmit
FNDA:1,loginWithGoogle
FNDA:0,goToRegister
FNDA:0,goToRecover
FNDA:31,(anonymous_6)
FNDA:16,(anonymous_7)
DA:6,56
DA:7,56
DA:8,56
DA:9,56
DA:11,56
DA:12,56
DA:13,56
DA:14,56
DA:15,56
DA:17,56
DA:20,2
DA:21,2
DA:22,2
DA:23,0
DA:24,0
DA:26,2
DA:28,2
DA:29,2
DA:32,1
DA:34,1
DA:38,1
DA:39,1
DA:41,0
DA:45,2
DA:50,1
DA:54,0
DA:59,0
DA:62,56
DA:73,31
DA:85,16
DA:137,1
LF:31
LH:26
BRDA:9,0,0,56
BRDA:9,0,1,24
BRDA:22,1,0,0
BRDA:22,1,1,2
BRDA:22,2,0,2
BRDA:22,2,1,2
BRDA:34,3,0,1
BRDA:34,3,1,0
BRDA:38,4,0,1
BRDA:38,4,1,0
BRDA:97,5,0,2
BRDA:97,5,1,54
BRDA:120,6,0,56
BRDA:120,6,1,1
BRDA:125,7,0,1
BRDA:125,7,1,0
BRDA:126,8,0,1
BRDA:126,8,1,0
BRDA:127,9,0,1
BRDA:127,9,1,0
BRF:20
BRH:14
end_of_record
